#!/bin/bash
#SBATCH --job-name=data-proc
#SBATCH --partition=gpu-a40
#SBATCH --account=cse
#SBATCH --nodes=1
#SBATCH --cpus-per-task=8
#SBATCH --mem=32G
#SBATCH --gres=gpu:1
#SBATCH --time=11:00:00 
#SBATCH --mail-type=ALL
#SBATCH --mail-user=tjung2@uw.edu

# I use source to initialize conda into the right environment.
cat $0
echo "--------------------"

source ~/.bashrc
conda activate ckl

python run.py --config configs/wmt/training/t5_baseline_yearly.json--------------------
wandb: Currently logged in as: tjung2. Use `wandb login --relogin` to force relogin
wandb: wandb version 0.13.3 is available!  To upgrade, please run:
wandb:  $ pip install wandb --upgrade
wandb: Tracking run with wandb version 0.13.1
wandb: Run data is saved locally in /mmfs1/gscratch/ark/tjung2/continual-knowledge-learning/wandb/run-20220916_120429-2pbjy9kw
wandb: Run `wandb offline` to turn off syncing.
wandb: Syncing run baseline_full
wandb: ‚≠êÔ∏è View project at https://wandb.ai/tjung2/temporal_questions
wandb: üöÄ View run at https://wandb.ai/tjung2/temporal_questions/runs/2pbjy9kw
/mmfs1/gscratch/ark/tjung2/miniconda3/envs/ckl/lib/python3.8/site-packages/pytorch_lightning/callbacks/model_checkpoint.py:396: LightningDeprecationWarning: Argument `period` in `ModelCheckpoint` is deprecated in v1.3 and will be removed in v1.5. Please use `every_n_val_epochs` instead.
  rank_zero_deprecation(
GPU available: True, used: True
TPU available: False, using: 0 TPU cores
initializing ddp: GLOBAL_RANK: 0, MEMBER: 1/1
----------------------------------------------------------------------------------------------------
distributed_backend=nccl
All DDP processes registered. Starting ddp with 1 processes
----------------------------------------------------------------------------------------------------

LOCAL_RANK: 0 - CUDA_VISIBLE_DEVICES: [0]
Set SLURM handle signals.

  | Name  | Type                       | Params
-----------------------------------------------------
0 | model | T5ForConditionalGeneration | 77.0 M
-----------------------------------------------------
77.0 M    Trainable params
0         Non-trainable params
77.0 M    Total params
307.845   Total estimated model params size (MB)
Namespace(accelerator='ddp', adam_epsilon=1e-08, adapter_config={'adapter_list': None, 'adapter_hidden_size': None, 'adapter_enc_dec': None, 'pool_size': None}, adapter_enc_dec=None, adapter_hidden_size=None, adapter_list=None, check_validation_only=False, checkpoint_dir=None, checkpoint_path='', dataset='wmt', dataset_version='full', early_stop_callback=False, eval_batch_size=64, freeze_embeds=False, freeze_encoder=False, freeze_level=0, learning_rate=0.001, max_grad_norm=0.5, max_input_length=50, max_output_length=25, method='baseline', mode='pretrain', model_name_or_path='google/t5-small-ssm', n_gpu=1, n_test=-1, n_train=-1, n_val=-1, num_train_epochs=10, num_workers=4, opt_level='O1', output_dir='outputs/wmtbaseline_full', output_log=None, pool_size=None, prefix=True, resume_from_checkpoint=None, seed=42, split=0, split_num=1, t5_learning_rate=None, tokenizer_name_or_path='google/t5-small-ssm', train_batch_size=64, use_deepspeed=False, use_lr_scheduling=True, val_check_interval=0.1, val_data='full', wandb_log=True, warmup_steps=0, weight_decay=0.0)
Not freezing any parameters!
split is 0
Length of dataset retrieving is.. 5973697
Validation sanity check: 0it [00:00, ?it/s]split is 0
Length of dataset retrieving is.. 278718
Validation sanity check:   0%|          | 0/2 [00:00<?, ?it/s]wandb: Waiting for W&B process to finish... (failed 1). Press Control-C to abort syncing.
wandb: - 0.001 MB of 0.001 MB uploaded (0.000 MB deduped)wandb: \ 0.001 MB of 0.001 MB uploaded (0.000 MB deduped)wandb: | 0.001 MB of 0.001 MB uploaded (0.000 MB deduped)wandb: / 0.001 MB of 0.009 MB uploaded (0.000 MB deduped)wandb: - 0.001 MB of 0.027 MB uploaded (0.000 MB deduped)wandb: \ 0.024 MB of 0.027 MB uploaded (0.000 MB deduped)wandb: | 0.024 MB of 0.027 MB uploaded (0.000 MB deduped)wandb: / 0.024 MB of 0.027 MB uploaded (0.000 MB deduped)wandb: - 0.024 MB of 0.027 MB uploaded (0.000 MB deduped)wandb: \ 0.024 MB of 0.027 MB uploaded (0.000 MB deduped)wandb: | 0.024 MB of 0.027 MB uploaded (0.000 MB deduped)wandb: / 0.024 MB of 0.027 MB uploaded (0.000 MB deduped)wandb: - 0.024 MB of 0.027 MB uploaded (0.000 MB deduped)wandb: \ 0.024 MB of 0.027 MB uploaded (0.000 MB deduped)wandb: | 0.024 MB of 0.027 MB uploaded (0.000 MB deduped)wandb: / 0.024 MB of 0.027 MB uploaded (0.000 MB deduped)wandb: - 0.024 MB of 0.027 MB uploaded (0.000 MB deduped)wandb: \ 0.024 MB of 0.027 MB uploaded (0.000 MB deduped)wandb: | 0.024 MB of 0.027 MB uploaded (0.000 MB deduped)wandb: / 0.024 MB of 0.027 MB uploaded (0.000 MB deduped)wandb: - 0.024 MB of 0.027 MB uploaded (0.000 MB deduped)wandb: \ 0.024 MB of 0.027 MB uploaded (0.000 MB deduped)wandb: | 0.024 MB of 0.027 MB uploaded (0.000 MB deduped)wandb: / 0.024 MB of 0.027 MB uploaded (0.000 MB deduped)wandb: - 0.024 MB of 0.027 MB uploaded (0.000 MB deduped)wandb: \ 0.024 MB of 0.027 MB uploaded (0.000 MB deduped)wandb: | 0.024 MB of 0.027 MB uploaded (0.000 MB deduped)wandb: / 0.024 MB of 0.027 MB uploaded (0.000 MB deduped)wandb: - 0.024 MB of 0.027 MB uploaded (0.000 MB deduped)wandb: \ 0.024 MB of 0.027 MB uploaded (0.000 MB deduped)wandb: | 0.024 MB of 0.027 MB uploaded (0.000 MB deduped)wandb: / 0.024 MB of 0.027 MB uploaded (0.000 MB deduped)wandb: - 0.024 MB of 0.027 MB uploaded (0.000 MB deduped)wandb: \ 0.024 MB of 0.027 MB uploaded (0.000 MB deduped)wandb: | 0.024 MB of 0.027 MB uploaded (0.000 MB deduped)wandb: / 0.024 MB of 0.027 MB uploaded (0.000 MB deduped)wandb: - 0.024 MB of 0.027 MB uploaded (0.000 MB deduped)wandb: \ 0.024 MB of 0.027 MB uploaded (0.000 MB deduped)wandb: | 0.024 MB of 0.027 MB uploaded (0.000 MB deduped)wandb: / 0.024 MB of 0.027 MB uploaded (0.000 MB deduped)wandb: - 0.024 MB of 0.027 MB uploaded (0.000 MB deduped)wandb: \ 0.024 MB of 0.027 MB uploaded (0.000 MB deduped)wandb: | 0.024 MB of 0.027 MB uploaded (0.000 MB deduped)wandb: / 0.024 MB of 0.027 MB uploaded (0.000 MB deduped)wandb: - 0.024 MB of 0.027 MB uploaded (0.000 MB deduped)wandb: \ 0.024 MB of 0.027 MB uploaded (0.000 MB deduped)wandb: | 0.024 MB of 0.027 MB uploaded (0.000 MB deduped)wandb: / 0.024 MB of 0.027 MB uploaded (0.000 MB deduped)wandb: - 0.024 MB of 0.027 MB uploaded (0.000 MB deduped)wandb: \ 0.024 MB of 0.027 MB uploaded (0.000 MB deduped)wandb: | 0.024 MB of 0.027 MB uploaded (0.000 MB deduped)wandb: / 0.024 MB of 0.027 MB uploaded (0.000 MB deduped)wandb: - 0.024 MB of 0.027 MB uploaded (0.000 MB deduped)wandb: \ 0.024 MB of 0.027 MB uploaded (0.000 MB deduped)wandb: | 0.027 MB of 0.027 MB uploaded (0.000 MB deduped)wandb: / 0.027 MB of 0.027 MB uploaded (0.000 MB deduped)wandb: - 0.027 MB of 0.027 MB uploaded (0.000 MB deduped)wandb: \ 0.027 MB of 0.027 MB uploaded (0.000 MB deduped)wandb: | 0.027 MB of 0.027 MB uploaded (0.000 MB deduped)wandb: / 0.027 MB of 0.027 MB uploaded (0.000 MB deduped)wandb:                                                                                
wandb: Synced baseline_full: https://wandb.ai/tjung2/temporal_questions/runs/2pbjy9kw
wandb: Synced 6 W&B file(s), 0 media file(s), 0 artifact file(s) and 0 other file(s)
wandb: Find logs at: ./wandb/run-20220916_120429-2pbjy9kw/logs
Traceback (most recent call last):
  File "run.py", line 222, in <module>
    trainer.fit(model)
  File "/mmfs1/gscratch/ark/tjung2/miniconda3/envs/ckl/lib/python3.8/site-packages/pytorch_lightning/trainer/trainer.py", line 460, in fit
    self._run(model)
  File "/mmfs1/gscratch/ark/tjung2/miniconda3/envs/ckl/lib/python3.8/site-packages/pytorch_lightning/trainer/trainer.py", line 758, in _run
    self.dispatch()
  File "/mmfs1/gscratch/ark/tjung2/miniconda3/envs/ckl/lib/python3.8/site-packages/pytorch_lightning/trainer/trainer.py", line 799, in dispatch
    self.accelerator.start_training(self)
  File "/mmfs1/gscratch/ark/tjung2/miniconda3/envs/ckl/lib/python3.8/site-packages/pytorch_lightning/accelerators/accelerator.py", line 96, in start_training
    self.training_type_plugin.start_training(trainer)
  File "/mmfs1/gscratch/ark/tjung2/miniconda3/envs/ckl/lib/python3.8/site-packages/pytorch_lightning/plugins/training_type/training_type_plugin.py", line 144, in start_training
    self._results = trainer.run_stage()
  File "/mmfs1/gscratch/ark/tjung2/miniconda3/envs/ckl/lib/python3.8/site-packages/pytorch_lightning/trainer/trainer.py", line 809, in run_stage
    return self.run_train()
  File "/mmfs1/gscratch/ark/tjung2/miniconda3/envs/ckl/lib/python3.8/site-packages/pytorch_lightning/trainer/trainer.py", line 844, in run_train
    self.run_sanity_check(self.lightning_module)
  File "/mmfs1/gscratch/ark/tjung2/miniconda3/envs/ckl/lib/python3.8/site-packages/pytorch_lightning/trainer/trainer.py", line 1112, in run_sanity_check
    self.run_evaluation()
  File "/mmfs1/gscratch/ark/tjung2/miniconda3/envs/ckl/lib/python3.8/site-packages/pytorch_lightning/trainer/trainer.py", line 954, in run_evaluation
    for batch_idx, batch in enumerate(dataloader):
  File "/mmfs1/gscratch/ark/tjung2/miniconda3/envs/ckl/lib/python3.8/site-packages/torch/utils/data/dataloader.py", line 521, in __next__
    data = self._next_data()
  File "/mmfs1/gscratch/ark/tjung2/miniconda3/envs/ckl/lib/python3.8/site-packages/torch/utils/data/dataloader.py", line 1203, in _next_data
    return self._process_data(data)
  File "/mmfs1/gscratch/ark/tjung2/miniconda3/envs/ckl/lib/python3.8/site-packages/torch/utils/data/dataloader.py", line 1229, in _process_data
    data.reraise()
  File "/mmfs1/gscratch/ark/tjung2/miniconda3/envs/ckl/lib/python3.8/site-packages/torch/_utils.py", line 425, in reraise
    raise self.exc_type(msg)
KeyError: Caught KeyError in DataLoader worker process 0.
Original Traceback (most recent call last):
  File "/mmfs1/gscratch/ark/tjung2/miniconda3/envs/ckl/lib/python3.8/site-packages/pandas/core/indexes/base.py", line 3621, in get_loc
    return self._engine.get_loc(casted_key)
  File "pandas/_libs/index.pyx", line 136, in pandas._libs.index.IndexEngine.get_loc
  File "pandas/_libs/index.pyx", line 163, in pandas._libs.index.IndexEngine.get_loc
  File "pandas/_libs/hashtable_class_helper.pxi", line 5198, in pandas._libs.hashtable.PyObjectHashTable.get_item
  File "pandas/_libs/hashtable_class_helper.pxi", line 5206, in pandas._libs.hashtable.PyObjectHashTable.get_item
KeyError: 'input'

The above exception was the direct cause of the following exception:

Traceback (most recent call last):
  File "/mmfs1/gscratch/ark/tjung2/miniconda3/envs/ckl/lib/python3.8/site-packages/torch/utils/data/_utils/worker.py", line 287, in _worker_loop
    data = fetcher.fetch(index)
  File "/mmfs1/gscratch/ark/tjung2/miniconda3/envs/ckl/lib/python3.8/site-packages/torch/utils/data/_utils/fetch.py", line 44, in fetch
    data = [self.dataset[idx] for idx in possibly_batched_index]
  File "/mmfs1/gscratch/ark/tjung2/miniconda3/envs/ckl/lib/python3.8/site-packages/torch/utils/data/_utils/fetch.py", line 44, in <listcomp>
    data = [self.dataset[idx] for idx in possibly_batched_index]
  File "/mmfs1/gscratch/ark/tjung2/continual-knowledge-learning/Datasets.py", line 343, in __getitem__
    source, targets, labels, ground_truth, year = self.convert_to_features(self.dataset.iloc[index])
  File "/mmfs1/gscratch/ark/tjung2/continual-knowledge-learning/Datasets.py", line 262, in convert_to_features
    input_ = example_batch['input']
  File "/mmfs1/gscratch/ark/tjung2/miniconda3/envs/ckl/lib/python3.8/site-packages/pandas/core/series.py", line 958, in __getitem__
    return self._get_value(key)
  File "/mmfs1/gscratch/ark/tjung2/miniconda3/envs/ckl/lib/python3.8/site-packages/pandas/core/series.py", line 1069, in _get_value
    loc = self.index.get_loc(label)
  File "/mmfs1/gscratch/ark/tjung2/miniconda3/envs/ckl/lib/python3.8/site-packages/pandas/core/indexes/base.py", line 3623, in get_loc
    raise KeyError(key) from err
KeyError: 'input'

