#!/bin/bash
#SBATCH --job-name=data-proc
#SBATCH --partition=gpu-a40
#SBATCH --account=cse
#SBATCH --nodes=1
#SBATCH --cpus-per-task=8
#SBATCH --mem=32G
#SBATCH --gres=gpu:1
#SBATCH --time=11:00:00
#SBATCH --mail-type=ALL
#SBATCH --mail-user=tjung2@uw.edu

# I use source to initialize conda into the right environment.
cat $0
echo "--------------------"

source ~/.bashrc
conda activate ckl

python run.py --config configs/templama/training/t5_kadapters_2010_prefixed.json
--------------------
Traceback (most recent call last):
  File "/mmfs1/gscratch/ark/tjung2/miniconda3/envs/ckl/lib/python3.8/site-packages/transformers/file_utils.py", line 2150, in _get_module
    return importlib.import_module("." + module_name, self.__name__)
  File "/mmfs1/gscratch/ark/tjung2/miniconda3/envs/ckl/lib/python3.8/importlib/__init__.py", line 127, in import_module
    return _bootstrap._gcd_import(name[level:], package, level)
  File "<frozen importlib._bootstrap>", line 1014, in _gcd_import
  File "<frozen importlib._bootstrap>", line 991, in _find_and_load
  File "<frozen importlib._bootstrap>", line 975, in _find_and_load_unlocked
  File "<frozen importlib._bootstrap>", line 671, in _load_unlocked
  File "<frozen importlib._bootstrap_external>", line 843, in exec_module
  File "<frozen importlib._bootstrap>", line 219, in _call_with_frames_removed
  File "/mmfs1/gscratch/ark/tjung2/miniconda3/envs/ckl/lib/python3.8/site-packages/transformers/modeling_utils.py", line 26, in <module>
    import torch
  File "/mmfs1/gscratch/ark/tjung2/miniconda3/envs/ckl/lib/python3.8/site-packages/torch/__init__.py", line 686, in <module>
    from torch import optim as optim
  File "/mmfs1/gscratch/ark/tjung2/miniconda3/envs/ckl/lib/python3.8/site-packages/torch/optim/__init__.py", line 8, in <module>
    from .adadelta import Adadelta
  File "/mmfs1/gscratch/ark/tjung2/miniconda3/envs/ckl/lib/python3.8/site-packages/torch/optim/adadelta.py", line 4, in <module>
    from .optimizer import Optimizer
  File "/mmfs1/gscratch/ark/tjung2/miniconda3/envs/ckl/lib/python3.8/site-packages/torch/optim/optimizer.py", line 145
    print(saved_lens)
    ^
SyntaxError: invalid syntax

The above exception was the direct cause of the following exception:

Traceback (most recent call last):
  File "/mmfs1/gscratch/ark/tjung2/miniconda3/envs/ckl/lib/python3.8/site-packages/transformers/file_utils.py", line 2150, in _get_module
    return importlib.import_module("." + module_name, self.__name__)
  File "/mmfs1/gscratch/ark/tjung2/miniconda3/envs/ckl/lib/python3.8/importlib/__init__.py", line 127, in import_module
    return _bootstrap._gcd_import(name[level:], package, level)
  File "<frozen importlib._bootstrap>", line 1014, in _gcd_import
  File "<frozen importlib._bootstrap>", line 991, in _find_and_load
  File "<frozen importlib._bootstrap>", line 961, in _find_and_load_unlocked
  File "<frozen importlib._bootstrap>", line 219, in _call_with_frames_removed
  File "<frozen importlib._bootstrap>", line 1014, in _gcd_import
  File "<frozen importlib._bootstrap>", line 991, in _find_and_load
  File "<frozen importlib._bootstrap>", line 975, in _find_and_load_unlocked
  File "<frozen importlib._bootstrap>", line 671, in _load_unlocked
  File "<frozen importlib._bootstrap_external>", line 843, in exec_module
  File "<frozen importlib._bootstrap>", line 219, in _call_with_frames_removed
  File "/mmfs1/gscratch/ark/tjung2/miniconda3/envs/ckl/lib/python3.8/site-packages/transformers/models/__init__.py", line 19, in <module>
    from . import (
  File "/mmfs1/gscratch/ark/tjung2/miniconda3/envs/ckl/lib/python3.8/site-packages/transformers/models/layoutlm/__init__.py", line 22, in <module>
    from .configuration_layoutlm import LAYOUTLM_PRETRAINED_CONFIG_ARCHIVE_MAP, LayoutLMConfig
  File "/mmfs1/gscratch/ark/tjung2/miniconda3/envs/ckl/lib/python3.8/site-packages/transformers/models/layoutlm/configuration_layoutlm.py", line 22, in <module>
    from ...onnx import OnnxConfig, PatchingSpec
  File "/mmfs1/gscratch/ark/tjung2/miniconda3/envs/ckl/lib/python3.8/site-packages/transformers/onnx/__init__.py", line 17, in <module>
    from .convert import export, validate_model_outputs
  File "/mmfs1/gscratch/ark/tjung2/miniconda3/envs/ckl/lib/python3.8/site-packages/transformers/onnx/convert.py", line 23, in <module>
    from .. import PreTrainedModel, PreTrainedTokenizer, TensorType, TFPreTrainedModel, is_torch_available
  File "<frozen importlib._bootstrap>", line 1039, in _handle_fromlist
  File "/mmfs1/gscratch/ark/tjung2/miniconda3/envs/ckl/lib/python3.8/site-packages/transformers/file_utils.py", line 2140, in __getattr__
    module = self._get_module(self._class_to_module[name])
  File "/mmfs1/gscratch/ark/tjung2/miniconda3/envs/ckl/lib/python3.8/site-packages/transformers/file_utils.py", line 2152, in _get_module
    raise RuntimeError(
RuntimeError: Failed to import transformers.modeling_utils because of the following error (look up to see its traceback):
invalid syntax (optimizer.py, line 145)

The above exception was the direct cause of the following exception:

Traceback (most recent call last):
  File "run.py", line 6, in <module>
    from evaluation import evaluate
  File "/mmfs1/gscratch/ark/tjung2/continual-knowledge-learning/evaluation.py", line 2, in <module>
    from transformers import T5Tokenizer
  File "<frozen importlib._bootstrap>", line 1039, in _handle_fromlist
  File "/mmfs1/gscratch/ark/tjung2/miniconda3/envs/ckl/lib/python3.8/site-packages/transformers/file_utils.py", line 2140, in __getattr__
    module = self._get_module(self._class_to_module[name])
  File "/mmfs1/gscratch/ark/tjung2/miniconda3/envs/ckl/lib/python3.8/site-packages/transformers/file_utils.py", line 2152, in _get_module
    raise RuntimeError(
RuntimeError: Failed to import transformers.models.t5 because of the following error (look up to see its traceback):
Failed to import transformers.modeling_utils because of the following error (look up to see its traceback):
invalid syntax (optimizer.py, line 145)
